[2025-10-21 12:14:39] [INFO] Starting analysis pipeline...
[2025-10-21 12:14:39] [DEBUG] Loaded PrecInt file: Ab40_PrecInt.xlsx
[2025-10-21 12:14:39] [DEBUG] Final PrecInt columns (before > avg): ['Sample', 'LL_z4 5062357.0', 'HL_z4 5471776.5', 'HH_z4 18455504.0']
[2025-10-21 12:14:39] [DEBUG] LL_z4 5062357.0 blanks -> Avg: 3357309.432, StdDev: 2198936.801
[2025-10-21 12:14:39] [DEBUG] HL_z4 5471776.5 blanks -> Avg: 2214677.182, StdDev: 1231179.625
[2025-10-21 12:14:39] [DEBUG] HH_z4 18455504.0 blanks -> Avg: 6389976.636, StdDev: 4169469.445
[2025-10-21 12:14:39] [DEBUG] Loaded Transitions file: Ab40_Transitions.xlsx
[2025-10-21 12:14:39] [DEBUG] Final Transitions columns: ['Sample', 'LL_z4 Sums', 'LL_z4 693.2599++', 'LL_z4 749.8392++', 'LL_z4 799.4051++', 'LL_z4 872.9927++', 'HL_z4 Sums', 'HL_z4 696.2759++', 'HL_z4 752.8552++', 'HL_z4 802.4211++', 'HL_z4 876.0087++', 'HH_z4 Sums', 'HH_z4 696.2759++.1', 'HH_z4 752.8552++.1', 'HH_z4 802.4211++.1', 'HH_z4 876.0087++.1']
[2025-10-21 12:14:39] [DEBUG] LL_z4 sum computed over ['LL_z4 693.2599++', 'LL_z4 749.8392++', 'LL_z4 799.4051++', 'LL_z4 872.9927++']
[2025-10-21 12:14:39] [DEBUG] HL_z4 sum computed over ['HL_z4 696.2759++', 'HL_z4 752.8552++', 'HL_z4 802.4211++', 'HL_z4 876.0087++']
[2025-10-21 12:14:39] [DEBUG] HH_z4 sum computed over ['HH_z4 696.2759++.1', 'HH_z4 752.8552++.1', 'HH_z4 802.4211++.1', 'HH_z4 876.0087++.1']
[2025-10-21 12:14:39] [DEBUG] LL_z4 blanks -> Avg: 677.794, StdDev: 341.788, Threshold: 1361.370
[2025-10-21 12:14:39] [DEBUG] HL_z4 blanks -> Avg: 291.846, StdDev: 177.113, Threshold: 646.072
[2025-10-21 12:14:39] [DEBUG] HH_z4 blanks -> Avg: 879.962, StdDev: 534.107, Threshold: 1948.175
[2025-10-21 12:14:39] [DEBUG] Loaded z4 file: Ab40_z4.xlsx
[2025-10-21 12:14:39] [DEBUG] Found LL_z4 PrecMass: ['LL_z4 PrecMass'], INT_Iso2: ['LL_z4 INT_Iso2']
[2025-10-21 12:14:39] [DEBUG] Found HL_z4 PrecMass: ['HL_z4 PrecMass'], INT_Iso2: ['HL_z4 INT_Iso2']
[2025-10-21 12:14:39] [DEBUG] Found HH_z4 PrecMass: ['HH_z4 PrecMass'], INT_Iso2: ['HH_z4 INT_Iso2']
[2025-10-21 12:14:39] [DEBUG] Final z4 columns: ['Sample', 'LL_z4 PrecMass', 'LL_z4 INT_Iso2', 'HL_z4 PrecMass', 'HL_z4 INT_Iso2', 'HH_z4 PrecMass', 'HH_z4 INT_Iso2']
[2025-10-21 12:14:39] [DEBUG] z4 blank averages and stddev appended.
[2025-10-21 12:14:39] [DEBUG] Using HL intensity column: HL_z4 5471776.5
[2025-10-21 12:14:39] [DEBUG] HL_z4 blank average: 2214677.1818181816
[2025-10-21 12:14:39] [DEBUG] Processing sample: 0705_blank_HH_hcdMS2_20240828183901 skip
[2025-10-21 12:14:39] [DEBUG] LH_signal = 1515489.5 - 2214677.1818181816 = -699187.6818181816
[2025-10-21 12:14:39] [DEBUG] HL/LH ratio: 0.8407460979742218
[2025-10-21 12:14:39] [DEBUG] Type I %: nan, Type II %: nan
[2025-10-21 12:14:39] [DEBUG] Processing sample: 0705_blank_HL_hcdMS2 skip
[2025-10-21 12:14:39] [DEBUG] LH_signal = 7287244.5 - 2214677.1818181816 = 5072567.318181818
[2025-10-21 12:14:39] [DEBUG] HL/LH ratio: 0.2998502545334687
[2025-10-21 12:14:39] [DEBUG] Type I %: 76.93193862233858, Type II %: 23.068061377661415
[2025-10-21 12:14:39] [DEBUG] Processing sample: 0705_blank_HL_hcdMS2_20240828180311 skip
[2025-10-21 12:14:39] [DEBUG] LH_signal = 819146.25 - 2214677.1818181816 = -1395530.9318181816
[2025-10-21 12:14:39] [DEBUG] HL/LH ratio: 0.39852737465981125
[2025-10-21 12:14:39] [DEBUG] Type I %: nan, Type II %: nan
[2025-10-21 12:14:39] [DEBUG] Processing sample: 0705_blank_LL_hcdMS2 skip
[2025-10-21 12:14:39] [DEBUG] LH_signal = 2074632.875 - 2214677.1818181816 = -140044.30681818165
[2025-10-21 12:14:39] [DEBUG] HL/LH ratio: 0.35414845142240603
[2025-10-21 12:14:39] [DEBUG] Type I %: nan, Type II %: nan
[2025-10-21 12:14:39] [DEBUG] Processing sample: 0705_blank_LL_hcdMS2_20240828172722 skip
[2025-10-21 12:14:39] [DEBUG] LH_signal = 61589.46875 - 2214677.1818181816 = -2153087.7130681816
[2025-10-21 12:14:39] [DEBUG] HL/LH ratio: 0.7040945155452402
[2025-10-21 12:14:39] [DEBUG] Type I %: nan, Type II %: nan
[2025-10-21 12:14:39] [DEBUG] Processing sample: 0705_Std_0_3_HH_hcdMS2
[2025-10-21 12:14:39] [DEBUG] LH_signal = 63054176.0 - 2214677.1818181816 = 60839498.81818182
[2025-10-21 12:14:39] [DEBUG] HL/LH ratio: 1.2032406451511073
[2025-10-21 12:14:39] [DEBUG] Type I %: 45.38768845794491, Type II %: 54.61231154205509
[2025-10-21 12:14:39] [DEBUG] Processing sample: 0705_Std_0_3_HH_hcdMS2_20240828182106
[2025-10-21 12:14:39] [DEBUG] LH_signal = 3485793.0 - 2214677.1818181816 = 1271115.8181818184
[2025-10-21 12:14:39] [DEBUG] HL/LH ratio: 1.1530372972605387
[2025-10-21 12:14:39] [DEBUG] Type I %: 46.446013790488934, Type II %: 53.55398620951106
[2025-10-21 12:14:39] [DEBUG] Processing sample: 0705_Std_0_3_HL_hcdMS2
[2025-10-21 12:14:39] [DEBUG] LH_signal = 143959536.0 - 2214677.1818181816 = 141744858.8181818
[2025-10-21 12:14:39] [DEBUG] HL/LH ratio: 0.6049382036176254
[2025-10-21 12:14:39] [DEBUG] Type I %: 62.307694947128866, Type II %: 37.69230505287113
[2025-10-21 12:14:39] [DEBUG] Processing sample: 0705_Std_0_3_HL_hcdMS2_20240828174517
[2025-10-21 12:14:39] [DEBUG] LH_signal = 14965022.0 - 2214677.1818181816 = 12750344.818181818
[2025-10-21 12:14:40] [DEBUG] HL/LH ratio: 0.7404570465236693
[2025-10-21 12:14:40] [DEBUG] Type I %: 57.456172331133736, Type II %: 42.543827668866264
[2025-10-21 12:14:40] [DEBUG] Processing sample: 0705_Std_0_3_LL_hcdMS2
[2025-10-21 12:14:40] [DEBUG] LH_signal = 14097460.0 - 2214677.1818181816 = 11882782.818181818
[2025-10-21 12:14:40] [DEBUG] HL/LH ratio: 0.053156973212508854
[2025-10-21 12:14:40] [DEBUG] Type I %: 94.95260682266947, Type II %: 5.047393177330526
[2025-10-21 12:14:40] [DEBUG] Processing sample: 0705_Std_0_3_LL_hcdMS2_20240828170928
[2025-10-21 12:14:40] [DEBUG] LH_signal = 2572638.0 - 2214677.1818181816 = 357960.81818181835
[2025-10-21 12:14:40] [DEBUG] HL/LH ratio: 0.1397622621924309
[2025-10-21 12:14:40] [DEBUG] Type I %: 87.7375952136206, Type II %: 12.26240478637941
[2025-10-21 12:14:40] [DEBUG] Processing sample: blank_1_1
[2025-10-21 12:14:40] [DEBUG] LH_signal = 2050150.375 - 2214677.1818181816 = -164526.80681818165
[2025-10-21 12:14:40] [DEBUG] HL/LH ratio: 1.0885462803570265
[2025-10-21 12:14:40] [DEBUG] Type I %: nan, Type II %: nan
[2025-10-21 12:14:40] [DEBUG] Processing sample: blank_1_2
[2025-10-21 12:14:40] [DEBUG] LH_signal = 706739.3125 - 2214677.1818181816 = -1507937.8693181816
[2025-10-21 12:14:40] [DEBUG] HL/LH ratio: 0.7280900281292876
[2025-10-21 12:14:40] [DEBUG] Type I %: nan, Type II %: nan
[2025-10-21 12:14:40] [DEBUG] Processing sample: blank_1_a
[2025-10-21 12:14:40] [DEBUG] LH_signal = 2291066.0 - 2214677.1818181816 = 76388.81818181835
[2025-10-21 12:14:40] [DEBUG] HL/LH ratio: 0.34343023048157717
[2025-10-21 12:14:40] [DEBUG] Type I %: 74.43631811393224, Type II %: 25.56368188606775
[2025-10-21 12:14:40] [DEBUG] Processing sample: blank_1_aa
[2025-10-21 12:14:40] [DEBUG] LH_signal = 2492503.0 - 2214677.1818181816 = 277825.81818181835
[2025-10-21 12:14:40] [DEBUG] HL/LH ratio: 0.33947708236647495
[2025-10-21 12:14:40] [DEBUG] Type I %: 74.6559992077867, Type II %: 25.344000792213293
[2025-10-21 12:14:40] [DEBUG] Processing sample: blank_1_aaa
[2025-10-21 12:14:40] [DEBUG] LH_signal = 4599884.5 - 2214677.1818181816 = 2385207.3181818184
[2025-10-21 12:14:40] [DEBUG] HL/LH ratio: 0.29158634434021236
[2025-10-21 12:14:40] [DEBUG] Type I %: 77.42416946277294, Type II %: 22.575830537227066
[2025-10-21 12:14:40] [DEBUG] Processing sample: blank_1_MS2
[2025-10-21 12:14:40] [DEBUG] LH_signal = 4172038.0 - 2214677.1818181816 = 1957360.8181818184
[2025-10-21 12:14:40] [DEBUG] HL/LH ratio: 0.0
[2025-10-21 12:14:40] [DEBUG] Type I %: nan, Type II %: nan
[2025-10-21 12:14:40] [DEBUG] Processing sample: blank_1_MS3
[2025-10-21 12:14:40] [DEBUG] LH_signal = 2168416.5 - 2214677.1818181816 = -46260.68181818165
[2025-10-21 12:14:40] [DEBUG] HL/LH ratio: 0.0
[2025-10-21 12:14:40] [DEBUG] Type I %: nan, Type II %: nan
[2025-10-21 12:14:40] [DEBUG] Processing sample: blank_1a
[2025-10-21 12:14:40] [DEBUG] LH_signal = 2038232.25 - 2214677.1818181816 = -176444.93181818165
[2025-10-21 12:14:40] [DEBUG] HL/LH ratio: 0.3014242818001879
[2025-10-21 12:14:40] [DEBUG] Type I %: nan, Type II %: nan
[2025-10-21 12:14:40] [DEBUG] Processing sample: blank_2
[2025-10-21 12:14:40] [DEBUG] LH_signal = 1270533.0 - 2214677.1818181816 = -944144.1818181816
[2025-10-21 12:14:40] [DEBUG] HL/LH ratio: 0.7715119600100128
[2025-10-21 12:14:40] [DEBUG] Type I %: nan, Type II %: nan
[2025-10-21 12:14:40] [DEBUG] Processing sample: blank_3
[2025-10-21 12:14:40] [DEBUG] LH_signal = 1835403.625 - 2214677.1818181816 = -379273.55681818165
[2025-10-21 12:14:40] [DEBUG] HL/LH ratio: 0.5280924357167275
[2025-10-21 12:14:40] [DEBUG] Type I %: nan, Type II %: nan
[2025-10-21 12:14:40] [DEBUG] Processing sample: blank_4
[2025-10-21 12:14:40] [DEBUG] LH_signal = 736482.4375 - 2214677.1818181816 = -1478194.7443181816
[2025-10-21 12:14:40] [DEBUG] HL/LH ratio: 0.8598173177435132
[2025-10-21 12:14:40] [DEBUG] Type I %: nan, Type II %: nan
[2025-10-21 12:14:40] [DEBUG] Processing sample: H2O_1_5940
[2025-10-21 12:14:40] [DEBUG] LH_signal = 3802068.25 - 2214677.1818181816 = 1587391.0681818184
[2025-10-21 12:14:40] [DEBUG] HL/LH ratio: 0.8236488537178165
[2025-10-21 12:14:40] [DEBUG] Type I %: 54.83511795383914, Type II %: 45.16488204616086
[2025-10-21 12:14:40] [DEBUG] Processing sample: H2O_10_5783
[2025-10-21 12:14:40] [DEBUG] LH_signal = 40851324.0 - 2214677.1818181816 = 38636646.81818182
[2025-10-21 12:14:40] [DEBUG] HL/LH ratio: 0.8167659249065174
[2025-10-21 12:14:40] [DEBUG] Type I %: 55.042864151663096, Type II %: 44.957135848336904
[2025-10-21 12:14:40] [DEBUG] Processing sample: H2O_12_5971
[2025-10-21 12:14:40] [DEBUG] LH_signal = 1023028.1875 - 2214677.1818181816 = -1191648.9943181816
[2025-10-21 12:14:40] [DEBUG] HL/LH ratio: 0.35814973571813796
[2025-10-21 12:14:40] [DEBUG] Type I %: nan, Type II %: nan
[2025-10-21 12:14:40] [DEBUG] Processing sample: H2O_15_5966
[2025-10-21 12:14:40] [DEBUG] LH_signal = 3227116.5 - 2214677.1818181816 = 1012439.3181818184
[2025-10-21 12:14:40] [DEBUG] HL/LH ratio: 1.047712142490961
[2025-10-21 12:14:40] [DEBUG] Type I %: 48.83498902260449, Type II %: 51.16501097739551
[2025-10-21 12:14:40] [DEBUG] Processing sample: H2O_16_5965
[2025-10-21 12:14:40] [DEBUG] LH_signal = 2206109.25 - 2214677.1818181816 = -8567.931818181649
[2025-10-21 12:14:40] [DEBUG] HL/LH ratio: 1.0123556213770473
[2025-10-21 12:14:40] [DEBUG] Type I %: nan, Type II %: nan
[2025-10-21 12:14:40] [DEBUG] Processing sample: H2O_17_5628
[2025-10-21 12:14:40] [DEBUG] LH_signal = 2738224.0 - 2214677.1818181816 = 523546.81818181835
[2025-10-21 12:14:40] [DEBUG] HL/LH ratio: 0.7818900997197096
[2025-10-21 12:14:40] [DEBUG] Type I %: 56.12018385181552, Type II %: 43.879816148184474
[2025-10-21 12:14:40] [DEBUG] Processing sample: H2O_18_5341
[2025-10-21 12:14:40] [DEBUG] LH_signal = 3139770.0 - 2214677.1818181816 = 925092.8181818184
[2025-10-21 12:14:40] [DEBUG] HL/LH ratio: 1.0807799999114691
[2025-10-21 12:14:40] [DEBUG] Type I %: 48.05890099109694, Type II %: 51.94109900890306
[2025-10-21 12:14:40] [DEBUG] Processing sample: H2O_19_5193
[2025-10-21 12:14:40] [DEBUG] LH_signal = 6747607.5 - 2214677.1818181816 = 4532930.318181818
[2025-10-21 12:14:40] [DEBUG] HL/LH ratio: 1.915748447854794
[2025-10-21 12:14:40] [DEBUG] Type I %: 34.29651144068107, Type II %: 65.70348855931893
[2025-10-21 12:14:40] [DEBUG] Processing sample: H2O_20_5573
[2025-10-21 12:14:40] [DEBUG] LH_signal = 1522425.5 - 2214677.1818181816 = -692251.6818181816
[2025-10-21 12:14:40] [DEBUG] HL/LH ratio: 0.8785834413535029
[2025-10-21 12:14:40] [DEBUG] Type I %: nan, Type II %: nan
[2025-10-21 12:14:40] [DEBUG] Processing sample: H2O_21_5151
[2025-10-21 12:14:40] [DEBUG] LH_signal = 40596656.0 - 2214677.1818181816 = 38381978.81818182
[2025-10-21 12:14:40] [DEBUG] HL/LH ratio: 1.685355569597456
[2025-10-21 12:14:40] [DEBUG] Type I %: 37.239016364224106, Type II %: 62.760983635775894
[2025-10-21 12:14:40] [DEBUG] Processing sample: H2O_5_5905
[2025-10-21 12:14:40] [DEBUG] LH_signal = 1082336.75 - 2214677.1818181816 = -1132340.4318181816
[2025-10-21 12:14:40] [DEBUG] HL/LH ratio: 0.4728633194402163
[2025-10-21 12:14:40] [DEBUG] Type I %: nan, Type II %: nan
[2025-10-21 12:14:40] [DEBUG] Processing sample: H2O_6_5881
[2025-10-21 12:14:40] [DEBUG] LH_signal = 2228014.0 - 2214677.1818181816 = 13336.818181818351
[2025-10-21 12:14:40] [DEBUG] HL/LH ratio: 0.8490932244684405
[2025-10-21 12:14:40] [DEBUG] Type I %: 54.080561583771434, Type II %: 45.91943841622856
[2025-10-21 12:14:40] [DEBUG] Processing sample: H2O_7_5573
[2025-10-21 12:14:40] [DEBUG] LH_signal = 8352093.0 - 2214677.1818181816 = 6137415.818181818
[2025-10-21 12:14:40] [DEBUG] HL/LH ratio: 0.9238612032140922
[2025-10-21 12:14:40] [DEBUG] Type I %: 51.97880171029768, Type II %: 48.02119828970232
[2025-10-21 12:14:40] [DEBUG] Processing sample: H2O_8_5919
[2025-10-21 12:14:40] [DEBUG] LH_signal = 2086947.5 - 2214677.1818181816 = -127729.68181818165
[2025-10-21 12:14:40] [DEBUG] HL/LH ratio: 0.9187603839997
[2025-10-21 12:14:40] [DEBUG] Type I %: nan, Type II %: nan
[2025-10-21 12:14:40] [DEBUG] Processing sample: H2O_9_5844
[2025-10-21 12:14:40] [DEBUG] LH_signal = 1649274.25 - 2214677.1818181816 = -565402.9318181816
[2025-10-21 12:14:40] [DEBUG] HL/LH ratio: 1.3400308667972225
[2025-10-21 12:14:40] [DEBUG] Type I %: nan, Type II %: nan
[2025-10-21 12:14:40] [DEBUG] Processing sample: H2O_N_control
[2025-10-21 12:14:40] [DEBUG] LH_signal = 831294.8125 - 2214677.1818181816 = -1383382.3693181816
[2025-10-21 12:14:40] [DEBUG] HL/LH ratio: 1.1140236170403581
[2025-10-21 12:14:40] [DEBUG] Type I %: nan, Type II %: nan
[2025-10-21 12:14:40] [DEBUG] Processing sample: UZPellet_1_5940
[2025-10-21 12:14:40] [DEBUG] LH_signal = 1644041088.0 - 2214677.1818181816 = 1641826410.8181818
[2025-10-21 12:14:40] [DEBUG] HL/LH ratio: 1.8429143538024588
[2025-10-21 12:14:40] [DEBUG] Type I %: 35.17517151589454, Type II %: 64.82482848410545
[2025-10-21 12:14:40] [DEBUG] Processing sample: UZPellet_10_5783
[2025-10-21 12:14:40] [DEBUG] LH_signal = 2846155008.0 - 2214677.1818181816 = 2843940330.818182
[2025-10-21 12:14:40] [DEBUG] HL/LH ratio: 2.2384795718460606
[2025-10-21 12:14:40] [DEBUG] Type I %: 30.87868790939943, Type II %: 69.12131209060057
[2025-10-21 12:14:40] [DEBUG] Processing sample: UZPellet_12_5971
[2025-10-21 12:14:40] [DEBUG] LH_signal = 626250816.0 - 2214677.1818181816 = 624036138.8181819
[2025-10-21 12:14:40] [DEBUG] HL/LH ratio: 0.8174700794012031
[2025-10-21 12:14:40] [DEBUG] Type I %: 55.021538529507296, Type II %: 44.9784614704927
[2025-10-21 12:14:40] [DEBUG] Processing sample: UZPellet_15_5966
[2025-10-21 12:14:40] [DEBUG] LH_signal = 998255680.0 - 2214677.1818181816 = 996041002.8181819
[2025-10-21 12:14:40] [DEBUG] HL/LH ratio: 5.590332579904095
[2025-10-21 12:14:40] [DEBUG] Type I %: 15.173741049872048, Type II %: 84.82625895012795
[2025-10-21 12:14:40] [DEBUG] Processing sample: UZPellet_16_5965
[2025-10-21 12:14:40] [DEBUG] LH_signal = 1755523584.0 - 2214677.1818181816 = 1753308906.8181818
[2025-10-21 12:14:40] [DEBUG] HL/LH ratio: 1.7591871890613098
[2025-10-21 12:14:40] [DEBUG] Type I %: 36.24255737212978, Type II %: 63.75744262787022
[2025-10-21 12:14:40] [DEBUG] Processing sample: UZPellet_17_5628
[2025-10-21 12:14:40] [DEBUG] LH_signal = 9898275.0 - 2214677.1818181816 = 7683597.818181818
[2025-10-21 12:14:40] [DEBUG] HL/LH ratio: 0.8876095014926054
[2025-10-21 12:14:40] [DEBUG] Type I %: 52.97705903733063, Type II %: 47.02294096266937
[2025-10-21 12:14:40] [DEBUG] Processing sample: UZPellet_18_5341
[2025-10-21 12:14:40] [DEBUG] LH_signal = 875692.6875 - 2214677.1818181816 = -1338984.4943181816
[2025-10-21 12:14:40] [DEBUG] HL/LH ratio: 0.7543293320414602
[2025-10-21 12:14:40] [DEBUG] Type I %: nan, Type II %: nan
[2025-10-21 12:14:40] [DEBUG] Processing sample: UZPellet_19_5193
[2025-10-21 12:14:40] [DEBUG] LH_signal = 2183655.5 - 2214677.1818181816 = -31021.68181818165
[2025-10-21 12:14:40] [DEBUG] HL/LH ratio: 1.5207187950325216
[2025-10-21 12:14:40] [DEBUG] Type I %: nan, Type II %: nan
[2025-10-21 12:14:40] [DEBUG] Processing sample: UZPellet_20_5573
[2025-10-21 12:14:40] [DEBUG] LH_signal = 3750982.75 - 2214677.1818181816 = 1536305.5681818184
[2025-10-21 12:14:40] [DEBUG] HL/LH ratio: 0.7474150928000076
[2025-10-21 12:14:40] [DEBUG] Type I %: 57.22738713430871, Type II %: 42.77261286569129
[2025-10-21 12:14:40] [DEBUG] Processing sample: UZPellet_21_5151
[2025-10-21 12:14:40] [DEBUG] LH_signal = 21810608.0 - 2214677.1818181816 = 19595930.81818182
[2025-10-21 12:14:40] [DEBUG] HL/LH ratio: 1.061511494900528
[2025-10-21 12:14:40] [DEBUG] Type I %: 48.50809721282936, Type II %: 51.49190278717064
[2025-10-21 12:14:40] [DEBUG] Processing sample: UZPellet_5_5905
[2025-10-21 12:14:40] [DEBUG] LH_signal = 2181664256.0 - 2214677.1818181816 = 2179449578.818182
[2025-10-21 12:14:40] [DEBUG] HL/LH ratio: 1.722199560458497
[2025-10-21 12:14:40] [DEBUG] Type I %: 36.734999686487754, Type II %: 63.26500031351225
[2025-10-21 12:14:40] [DEBUG] Processing sample: UZPellet_6_5881
[2025-10-21 12:14:40] [DEBUG] LH_signal = 1739740672.0 - 2214677.1818181816 = 1737525994.8181818
[2025-10-21 12:14:40] [DEBUG] HL/LH ratio: 3.5852526538888148
[2025-10-21 12:14:40] [DEBUG] Type I %: 21.809049042300575, Type II %: 78.19095095769943
[2025-10-21 12:14:40] [DEBUG] Processing sample: UZPellet_7_5573
[2025-10-21 12:14:40] [DEBUG] LH_signal = 2159575040.0 - 2214677.1818181816 = 2157360362.818182
[2025-10-21 12:14:40] [DEBUG] HL/LH ratio: 2.375987945599327
[2025-10-21 12:14:40] [DEBUG] Type I %: 29.620958845647593, Type II %: 70.37904115435241
[2025-10-21 12:14:40] [DEBUG] Processing sample: UZPellet_8_5919
[2025-10-21 12:14:40] [DEBUG] LH_signal = 1209312128.0 - 2214677.1818181816 = 1207097450.8181818
[2025-10-21 12:14:40] [DEBUG] HL/LH ratio: 1.6904195714893124
[2025-10-21 12:14:40] [DEBUG] Type I %: 37.16892378412333, Type II %: 62.83107621587667
[2025-10-21 12:14:40] [DEBUG] Processing sample: UZPellet_9_5844
[2025-10-21 12:14:40] [DEBUG] LH_signal = 1591983104.0 - 2214677.1818181816 = 1589768426.8181818
[2025-10-21 12:14:40] [DEBUG] HL/LH ratio: 2.004187269864745
[2025-10-21 12:14:40] [DEBUG] Type I %: 33.286872959987676, Type II %: 66.71312704001232
[2025-10-21 12:14:40] [DEBUG] Processing sample: UZPellet_N_control
[2025-10-21 12:14:40] [DEBUG] LH_signal = 1801567.25 - 2214677.1818181816 = -413109.93181818165
[2025-10-21 12:14:40] [DEBUG] HL/LH ratio: 0.7258807435334244
[2025-10-21 12:14:40] [DEBUG] Type I %: nan, Type II %: nan
[2025-10-21 12:14:40] [DEBUG] Processing sample: UZPK_1_5940
[2025-10-21 12:14:40] [DEBUG] LH_signal = 1045955.8125 - 2214677.1818181816 = -1168721.3693181816
[2025-10-21 12:14:40] [DEBUG] HL/LH ratio: 0.5244225795659925
[2025-10-21 12:14:40] [DEBUG] Type I %: nan, Type II %: nan
[2025-10-21 12:14:40] [DEBUG] Processing sample: UZPK_10_5783
[2025-10-21 12:14:40] [DEBUG] LH_signal = 834364.375 - 2214677.1818181816 = -1380312.8068181816
[2025-10-21 12:14:40] [DEBUG] HL/LH ratio: 0.8908825697954881
[2025-10-21 12:14:40] [DEBUG] Type I %: nan, Type II %: nan
[2025-10-21 12:14:40] [DEBUG] Processing sample: UZPK_12_5971
[2025-10-21 12:14:40] [DEBUG] LH_signal = 2630085.5 - 2214677.1818181816 = 415408.31818181835
[2025-10-21 12:14:40] [DEBUG] HL/LH ratio: 1.2204775237512981
[2025-10-21 12:14:40] [DEBUG] Type I %: 45.03535790403271, Type II %: 54.9646420959673
[2025-10-21 12:14:40] [DEBUG] Processing sample: UZPK_15_5966
[2025-10-21 12:14:40] [DEBUG] LH_signal = 3621876.75 - 2214677.1818181816 = 1407199.5681818184
[2025-10-21 12:14:40] [DEBUG] HL/LH ratio: 0.7682135774748454
[2025-10-21 12:14:40] [DEBUG] Type I %: 56.55425412059567, Type II %: 43.44574587940432
[2025-10-21 12:14:40] [DEBUG] Processing sample: UZPK_16_5965
[2025-10-21 12:14:40] [DEBUG] LH_signal = 1056159.625 - 2214677.1818181816 = -1158517.5568181816
[2025-10-21 12:14:40] [DEBUG] HL/LH ratio: 1.2751042676032105
[2025-10-21 12:14:40] [DEBUG] Type I %: nan, Type II %: nan
[2025-10-21 12:14:40] [DEBUG] Processing sample: UZPK_17_5628
[2025-10-21 12:14:40] [DEBUG] LH_signal = 3666082.0 - 2214677.1818181816 = 1451404.8181818184
[2025-10-21 12:14:40] [DEBUG] HL/LH ratio: 0.8846479305753028
[2025-10-21 12:14:40] [DEBUG] Type I %: 53.06030817621955, Type II %: 46.93969182378045
[2025-10-21 12:14:40] [DEBUG] Processing sample: UZPK_18_5341
[2025-10-21 12:14:40] [DEBUG] LH_signal = 2235435.75 - 2214677.1818181816 = 20758.56818181835
[2025-10-21 12:14:40] [DEBUG] HL/LH ratio: 0.8980751421756096
[2025-10-21 12:14:40] [DEBUG] Type I %: 52.68495318124135, Type II %: 47.31504681875866
[2025-10-21 12:14:40] [DEBUG] Processing sample: UZPK_19_5193
[2025-10-21 12:14:40] [DEBUG] LH_signal = 4911761.0 - 2214677.1818181816 = 2697083.8181818184
[2025-10-21 12:14:40] [DEBUG] HL/LH ratio: 1.1542100032721359
[2025-10-21 12:14:40] [DEBUG] Type I %: 46.42072957051776, Type II %: 53.57927042948224
[2025-10-21 12:14:40] [DEBUG] Processing sample: UZPK_20_5573
[2025-10-21 12:14:40] [DEBUG] LH_signal = 2379804.5 - 2214677.1818181816 = 165127.31818181835
[2025-10-21 12:14:40] [DEBUG] HL/LH ratio: 0.8813147605014174
[2025-10-21 12:14:40] [DEBUG] Type I %: 53.154316385285526, Type II %: 46.84568361471448
[2025-10-21 12:14:40] [DEBUG] Processing sample: UZPK_21_5151
[2025-10-21 12:14:40] [DEBUG] LH_signal = 5772855.5 - 2214677.1818181816 = 3558178.3181818184
[2025-10-21 12:14:40] [DEBUG] HL/LH ratio: 0.6313546854891808
[2025-10-21 12:14:40] [DEBUG] Type I %: 61.298748144407256, Type II %: 38.701251855592744
[2025-10-21 12:14:40] [DEBUG] Processing sample: UZPK_5_5905
[2025-10-21 12:14:40] [DEBUG] LH_signal = 691392.4375 - 2214677.1818181816 = -1523284.7443181816
[2025-10-21 12:14:40] [DEBUG] HL/LH ratio: 0.8715158097672786
[2025-10-21 12:14:40] [DEBUG] Type I %: nan, Type II %: nan
[2025-10-21 12:14:40] [DEBUG] Processing sample: UZPK_6_5881
[2025-10-21 12:14:40] [DEBUG] LH_signal = 1474068.5 - 2214677.1818181816 = -740608.6818181816
[2025-10-21 12:14:40] [DEBUG] HL/LH ratio: 0.7889551721510857
[2025-10-21 12:14:40] [DEBUG] Type I %: nan, Type II %: nan
[2025-10-21 12:14:40] [DEBUG] Processing sample: UZPK_7_5573
[2025-10-21 12:14:40] [DEBUG] LH_signal = 2577809.75 - 2214677.1818181816 = 363132.56818181835
[2025-10-21 12:14:40] [DEBUG] HL/LH ratio: 0.7594240767893218
[2025-10-21 12:14:40] [DEBUG] Type I %: 56.83678046652892, Type II %: 43.16321953347108
[2025-10-21 12:14:40] [DEBUG] Processing sample: UZPK_8_5919
[2025-10-21 12:14:40] [DEBUG] LH_signal = 7126914.0 - 2214677.1818181816 = 4912236.818181818
[2025-10-21 12:14:40] [DEBUG] HL/LH ratio: 0.9026359991237893
[2025-10-21 12:14:40] [DEBUG] Type I %: 52.55866074543552, Type II %: 47.44133925456449
[2025-10-21 12:14:40] [DEBUG] Processing sample: UZPK_9_5844
[2025-10-21 12:14:40] [DEBUG] LH_signal = 2954758.0 - 2214677.1818181816 = 740080.8181818184
[2025-10-21 12:14:40] [DEBUG] HL/LH ratio: 0.7082268467469707
[2025-10-21 12:14:40] [DEBUG] Type I %: 58.54023439008296, Type II %: 41.459765609917035
[2025-10-21 12:14:40] [DEBUG] Processing sample: UZPK_N_control
[2025-10-21 12:14:40] [DEBUG] LH_signal = 1755137.375 - 2214677.1818181816 = -459539.80681818165
[2025-10-21 12:14:40] [DEBUG] HL/LH ratio: 1.112550529363751
[2025-10-21 12:14:40] [DEBUG] Type I %: nan, Type II %: nan
[2025-10-21 12:14:40] [INFO] Saved Conversion Matrix to Output/Conversion_Matrix.xlsx
